sum = 488117
nV = 500
1 397 -5942
228 397 -7927
228 386 -9013
343 397 -7570
293 343 -8657
159 397 -7157
159 335 -8205
159 160 -7839
19 335 -7787
19 328 -8231
343 488 -6842
167 488 -9090
167 312 -6573
312 474 -8920
368 474 -7991
368 369 -8888
98 368 -7792
474 475 -7052
464 475 -9291
267 464 -7760
260 267 -9134
267 268 -8907
63 267 -8209
62 63 -9504
267 408 -7695
260 479 -7629
62 173 -7617
172 173 -9697
172 211 -8557
173 428 -8093
179 428 -8340
2 173 -7751
2 3 -8874
3 144 -9056
3 91 -8754
2 104 -8744
104 223 -7868
211 443 -7502
443 444 -8151
442 443 -7558
441 442 -9851
384 442 -9312
442 454 -7877
103 454 -9992
103 221 -9998
366 454 -9405
366 432 -9909
285 366 -9502
454 489 -9298
360 489 -9515
489 490 -9312
365 366 -9219
15 365 -9352
206 432 -8822
100 365 -8596
133 365 -8417
15 220 -8415
135 220 -9436
103 352 -8013
276 432 -7970
276 476 -9556
398 476 -8221
398 481 -9932
398 450 -9491
371 398 -9477
323 398 -9158
398 399 -8532
102 398 -8299
102 387 -9849
102 183 -8982
41 183 -9848
332 352 -7936
103 272 -7824
272 496 -7845
221 222 -7797
15 16 -7753
26 366 -7642
100 202 -7606
201 202 -8731
45 202 -8727
45 304 -9980
138 304 -9806
138 269 -9121
138 431 -8652
202 203 -8100
203 406 -9424
83 203 -8557
83 340 -8417
307 340 -8967
258 340 -7890
226 258 -9022
149 226 -9402
87 226 -9223
87 122 -8824
122 259 -7997
136 259 -9993
307 354 -7654
284 354 -9097
128 354 -9071
128 412 -9322
310 431 -7614
310 341 -9066
230 341 -9152
230 315 -9532
225 315 -9440
35 225 -9215
310 311 -8711
310 315 -8266
283 398 -7542
283 469 -9907
82 469 -9808
282 283 -9803
282 349 -9869
281 282 -8850
422 469 -8414
75 422 -9088
469 470 -8102
313 470 -9447
373 470 -8502
120 373 -9213
117 313 -8467
117 118 -9012
82 94 -7789
94 447 -8934
447 448 -9184
257 448 -9484
93 94 -8183
65 470 -7730
65 232 -9315
153 469 -7547
72 153 -9242
72 212 -8966
212 286 -9917
286 287 -9632
287 288 -9903
430 431 -7532
65 109 -7488
100 291 -7435
291 437 -8494
258 259 -7340
122 305 -7289
155 305 -8235
83 308 -7277
308 389 -8415
389 411 -7853
281 291 -7273
61 83 -7267
29 61 -9929
61 88 -8574
88 453 -8693
317 453 -9333
327 453 -8709
51 327 -9020
344 453 -8302
300 344 -8409
300 495 -8315
157 300 -8234
124 157 -8496
123 124 -8728
344 356 -7281
356 466 -8140
229 356 -7955
208 466 -7370
126 466 -7322
126 139 -8639
126 401 -8102
401 480 -8775
2 309 -7230
309 346 -9056
195 346 -9407
195 196 -9529
316 317 -7213
16 275 -7206
238 275 -7472
238 239 -9874
239 391 -9266
146 238 -9222
111 146 -9966
52 238 -8566
52 163 -9821
52 185 -8731
421 422 -7189
421 435 -8158
435 436 -7818
195 431 -7120
191 476 -7120
22 63 -7119
22 101 -9660
22 156 -9282
31 156 -9373
30 31 -9951
30 324 -9689
31 107 -9611
22 85 -9225
31 32 -8643
156 486 -8359
147 156 -8069
147 148 -9587
137 147 -8845
64 148 -7784
137 491 -7463
217 491 -9531
296 491 -7492
85 363 -7094
132 363 -7224
110 132 -8834
132 216 -7717
131 132 -7293
131 204 -8867
204 467 -8510
131 322 -8494
76 467 -8172
118 348 -7076
22 208 -7025
212 264 -7012
264 265 -8596
26 260 -6981
453 454 -6950
365 426 -6930
425 426 -8875
219 220 -6876
14 219 -9493
153 498 -6845
329 498 -9021
329 330 -9595
498 499 -6861
301 499 -7760
33 301 -7033
366 382 -6765
121 382 -8779
338 382 -8645
338 339 -9443
169 338 -8967
34 169 -9727
169 449 -7246
251 449 -7320
294 449 -7189
175 339 -7008
175 176 -9786
176 177 -9636
11 176 -9470
174 175 -8677
175 205 -8284
11 12 -6736
12 13 -7604
13 24 -9600
360 459 -6735
458 459 -9068
28 458 -9550
106 459 -7473
249 458 -6860
27 28 -6775
99 223 -6699
83 445 -6696
445 446 -9813
283 294 -6687
91 269 -6675
136 239 -6675
371 432 -6670
237 268 -6651
130 237 -9047
299 412 -6638
185 359 -6637
97 147 -6620
97 485 -9789
96 97 -9266
97 388 -7687
38 388 -7439
95 96 -6715
84 95 -7979
175 365 -6619
109 221 -6611
88 477 -6582
46 259 -6561
46 214 -8927
214 215 -7142
56 475 -6542
69 265 -6541
62 235 -6507
235 413 -8868
99 239 -6488
124 125 -6474
86 219 -6473
86 213 -7043
316 476 -6467
151 185 -6430
151 261 -7835
52 128 -6427
45 353 -6425
232 312 -6425
196 266 -6390
104 191 -6384
236 421 -6331
203 374 -6327
374 375 -7986
375 492 -6444
79 492 -9964
39 122 -6276
209 267 -6273
90 110 -6267
94 174 -6255
286 500 -6235
64 65 -6230
323 324 -6212
138 267 -6204
341 458 -6180
264 371 -6151
219 485 -6143
315 366 -6131
314 477 -6120
314 455 -9700
26 226 -6114
266 411 -6081
204 231 -6073
4 82 -6069
4 364 -8897
241 444 -6059
241 242 -8966
46 47 -6059
348 349 -6018
126 393 -6017
392 393 -8912
130 231 -6013
38 373 -6005
118 165 -5992
165 248 -7477
248 482 -6116
482 483 -9453
163 164 -5987
373 374 -5983
8 124 -5969
7 8 -7507
76 235 -5966
234 235 -5961
233 234 -8309
233 263 -8107
233 277 -7785
277 278 -6763
198 234 -6093
186 198 -9486
198 200 -7410
198 252 -6392
197 198 -6105
44 197 -7215
116 197 -6213
116 145 -9135
43 44 -6198
43 154 -9305
154 190 -7567
238 369 -5942
260 496 -5938
277 453 -5936
153 300 -5928
122 123 -5925
19 367 -5912
253 436 -5911
104 266 -5909
112 496 -5901
175 307 -5851
34 35 -5829
130 465 -5821
172 322 -5817
249 325 -5814
270 325 -6345
81 106 -5778
299 479 -5738
345 425 -5731
34 456 -5727
230 276 -5718
175 393 -5717
334 411 -5706
460 492 -5705
143 460 -8069
142 143 -7750
243 460 -7045
168 399 -5704
288 289 -5683
289 297 -5802
433 482 -5668
18 433 -9810
433 434 -8966
192 433 -6813
400 433 -6294
162 433 -5687
264 351 -5652
121 182 -5624
182 193 -6632
193 452 -9490
452 497 -8325
36 497 -5712
36 37 -7609
36 292 -6348
200 212 -5618
110 111 -5617
67 230 -5611
67 342 -9488
459 460 -5603
231 412 -5595
366 367 -5581
329 407 -5566
341 343 -5565
115 364 -5521
20 115 -7690
20 207 -9098
362 363 -5503
40 81 -5474
40 336 -7189
336 461 -8129
461 462 -9989
246 336 -6729
179 180 -5463
63 498 -5460
220 319 -5456
318 319 -5649
129 318 -7647
32 376 -5448
376 427 -7114
150 151 -5445
298 441 -5427
298 418 -9505
255 298 -6885
255 440 -8229
254 255 -8096
254 280 -8438
279 280 -9809
439 440 -7217
271 439 -5855
497 498 -5404
30 490 -5396
148 308 -5387
202 217 -5366
79 181 -5362
312 313 -5356
367 380 -5349
73 380 -9971
48 380 -8760
380 381 -5578
256 345 -5305
353 436 -5275
7 416 -5246
321 416 -8708
321 357 -7452
416 417 -5636
35 36 -5222
208 209 -5201
305 322 -5192
40 322 -5174
292 463 -5174
463 473 -5410
472 473 -9211
471 472 -5564
98 146 -5169
57 258 -5160
286 360 -5149
243 463 -5135
83 260 -5134
106 378 -5125
360 361 -5118
29 142 -5099
231 440 -5095
382 383 -5091
337 383 -6903
109 110 -5089
97 235 -5079
250 462 -5069
45 496 -5065
113 373 -5059
113 114 -9800
226 227 -5058
32 333 -5050
58 333 -6694
333 451 -5301
220 399 -5050
196 296 -5022
30 373 -5022
232 233 -5000
32 443 -4981
258 474 -4979
335 442 -4979
47 418 -4973
150 460 -4943
89 296 -4929
164 405 -4926
132 295 -4924
271 272 -4915
196 263 -4895
179 288 -4893
193 478 -4892
399 424 -4886
92 196 -4884
92 409 -8102
92 141 -7312
105 478 -4873
452 453 -4855
492 493 -4854
410 493 -7145
99 444 -4849
41 66 -4827
66 108 -8381
42 43 -4823
239 421 -4822
145 309 -4818
442 488 -4811
152 227 -4796
152 414 -10000
60 152 -5617
211 421 -4794
478 480 -4790
248 450 -4786
193 248 -4769
141 142 -4769
32 433 -4768
325 420 -4767
370 420 -9950
355 420 -8857
191 213 -4766
167 314 -4689
454 498 -4686
57 421 -4680
38 456 -4670
268 269 -4668
33 34 -4667
19 240 -4667
260 365 -4664
169 394 -4660
108 477 -4659
274 275 -4649
273 274 -7658
295 296 -4634
290 467 -4613
184 290 -4607
132 462 -4599
235 236 -4598
22 416 -4591
350 351 -4579
90 316 -4576
139 186 -4568
308 496 -4559
41 42 -4557
69 302 -4544
217 270 -4519
222 223 -4499
46 305 -4498
376 470 -4493
158 252 -4490
59 158 -9038
59 403 -5780
123 229 -4484
99 100 -4478
60 75 -4458
320 357 -4449
170 320 -7051
71 170 -9236
170 224 -8631
170 218 -7389
218 244 -8687
244 245 -9103
385 386 -4429
351 352 -4412
305 355 -4403
16 17 -4370
422 423 -4343
8 294 -4333
208 236 -4332
358 359 -4330
358 395 -6761
50 228 -4294
112 410 -4292
428 433 -4289
259 317 -4276
120 495 -4274
8 318 -4261
187 387 -4246
187 188 -9471
287 378 -4225
3 136 -4218
406 407 -4215
68 485 -4213
58 59 -4184
244 500 -4182
203 211 -4145
132 319 -4119
354 359 -4117
112 113 -4112
72 322 -4104
59 343 -4103
427 428 -4103
265 266 -4101
167 493 -4072
298 494 -4071
133 134 -4059
307 362 -4051
103 301 -4044
155 338 -4039
225 283 -4027
256 290 -4019
194 496 -4010
32 33 -4010
9 307 -4003
9 10 -5012
10 390 -8598
62 477 -4003
145 146 -3960
302 360 -3943
39 193 -3940
166 265 -3934
47 58 -3931
95 179 -3930
274 337 -3927
49 95 -3905
49 484 -6785
102 386 -3881
200 400 -3876
82 111 -3874
229 368 -3874
9 17 -3864
118 257 -3861
140 287 -3859
55 111 -3854
55 74 -9806
238 271 -3836
231 480 -3834
225 226 -3832
322 401 -3823
246 438 -3820
46 171 -3812
171 372 -6686
48 159 -3810
91 499 -3787
258 278 -3756
209 243 -3754
324 393 -3743
141 419 -3743
311 312 -3721
222 380 -3720
87 376 -3699
264 270 -3693
214 305 -3680
468 469 -3667
347 468 -4049
384 485 -3665
272 482 -3664
91 139 -3658
63 210 -3653
305 418 -3646
457 458 -3644
168 240 -3640
192 263 -3627
302 303 -3618
295 337 -3608
373 380 -3592
121 426 -3587
95 483 -3586
230 424 -3571
353 354 -3551
440 441 -3548
69 70 -3532
53 70 -5040
346 454 -3527
74 102 -3527
216 239 -3522
77 352 -3500
77 404 -3515
279 351 -3464
71 72 -3462
444 445 -3461
115 116 -3454
67 228 -3447
225 485 -3447
77 233 -3445
221 479 -3444
201 260 -3438
246 265 -3434
86 87 -3398
248 249 -3384
333 366 -3372
82 83 -3366
105 281 -3347
243 244 -3343
65 366 -3340
324 325 -3338
240 322 -3338
199 406 -3337
83 233 -3328
340 341 -3316
134 135 -3303
20 237 -3298
69 407 -3295
313 498 -3278
207 235 -3264
6 297 -3253
430 443 -3248
115 318 -3240
221 312 -3212
257 393 -3212
68 491 -3209
73 489 -3208
73 181 -3188
95 344 -3188
158 159 -3164
333 481 -3148
45 291 -3145
184 479 -3142
71 439 -3117
184 210 -3111
325 480 -3105
207 214 -3104
25 288 -3078
124 500 -3072
365 481 -3070
420 464 -3068
115 441 -3067
69 308 -3058
318 486 -3055
93 438 -3043
4 77 -3033
101 173 -3023
384 385 -3021
75 76 -3013
132 476 -2999
414 415 -2987
70 71 -2985
107 108 -2976
45 68 -2951
378 379 -2951
135 441 -2936
193 474 -2936
118 145 -2934
375 453 -2933
241 302 -2907
462 471 -2894
120 205 -2886
77 368 -2876
75 146 -2873
29 30 -2849
214 363 -2848
151 276 -2826
167 201 -2809
4 93 -2804
423 440 -2764
402 403 -2763
76 411 -2763
275 276 -2753
80 313 -2736
337 338 -2733
90 225 -2733
120 128 -2729
257 320 -2710
107 253 -2706
17 35 -2706
117 337 -2704
28 192 -2679
258 314 -2667
294 346 -2660
152 250 -2644
385 410 -2643
315 477 -2638
240 399 -2622
178 448 -2604
237 409 -2603
154 335 -2600
154 383 -2597
464 468 -2595
164 247 -2548
60 281 -2544
141 169 -2525
369 450 -2512
321 322 -2500
199 200 -2491
240 241 -2489
17 432 -2484
361 362 -2471
390 391 -2466
216 410 -2461
252 253 -2456
376 377 -2445
161 377 -9871
226 495 -2439
97 166 -2437
94 127 -2436
96 204 -2433
348 486 -2415
129 276 -2387
347 418 -2386
266 267 -2373
211 212 -2368
361 488 -2367
122 468 -2361
73 494 -2348
132 491 -2336
395 495 -2332
48 309 -2321
189 225 -2315
357 404 -2310
230 499 -2295
350 482 -2291
437 438 -2279
46 342 -2272
277 326 -2266
76 101 -2248
336 399 -2245
6 7 -2237
31 414 -2222
49 255 -2211
213 364 -2205
262 263 -2202
49 251 -2191
22 479 -2180
217 218 -2164
128 244 -2163
49 279 -2141
25 281 -2140
274 339 -2127
406 420 -2125
309 310 -2124
441 466 -2111
325 437 -2082
204 205 -2078
267 352 -2063
77 339 -2060
170 411 -2058
122 416 -2053
166 356 -2006
9 250 -1984
232 331 -1972
85 482 -1971
81 139 -1971
113 229 -1969
269 270 -1966
51 316 -1958
67 80 -1948
340 484 -1929
198 199 -1925
130 377 -1921
229 239 -1880
43 319 -1878
125 486 -1861
380 439 -1859
104 402 -1853
151 152 -1850
78 292 -1847
39 299 -1837
287 498 -1815
20 336 -1814
292 293 -1806
445 483 -1801
268 412 -1794
260 261 -1791
205 446 -1787
273 478 -1777
41 220 -1776
234 377 -1774
135 500 -1772
92 93 -1766
233 455 -1766
7 314 -1756
17 69 -1754
112 394 -1754
223 224 -1751
320 321 -1747
361 437 -1746
335 336 -1738
237 238 -1734
396 397 -1734
320 330 -1721
279 442 -1719
183 199 -1706
16 369 -1699
484 485 -1698
381 484 -1667
310 454 -1644
410 459 -1638
100 322 -1627
1 324 -1612
446 447 -1603
375 376 -1601
92 386 -1598
6 15 -1593
418 419 -1587
183 184 -1583
355 406 -1579
54 55 -1572
410 478 -1565
137 164 -1564
182 270 -1554
47 103 -1551
405 406 -1525
496 500 -1519
14 64 -1515
63 152 -1476
119 247 -1467
277 298 -1464
114 115 -1462
222 423 -1460
119 398 -1460
44 422 -1459
100 101 -1456
43 406 -1432
183 367 -1432
146 485 -1430
410 467 -1424
213 214 -1421
277 462 -1412
109 249 -1368
113 367 -1358
368 411 -1355
31 267 -1337
301 407 -1315
91 489 -1308
402 469 -1306
154 344 -1295
290 291 -1292
244 374 -1285
179 227 -1273
36 62 -1242
334 491 -1241
50 297 -1225
38 235 -1218
452 489 -1217
460 461 -1208
213 348 -1196
13 164 -1175
40 45 -1173
15 87 -1165
15 242 -1132
138 139 -1128
141 429 -1127
254 322 -1109
208 385 -1105
232 374 -1096
369 370 -1096
248 468 -1092
353 453 -1087
231 482 -1069
420 492 -1060
3 4 -1055
267 350 -1054
351 409 -1048
3 482 -1048
327 424 -1046
31 443 -1030
247 382 -1009
140 397 -1008
167 248 -976
242 289 -955
60 483 -953
253 306 -952
55 188 -944
135 216 -932
115 494 -907
313 475 -902
104 445 -896
355 497 -895
140 141 -887
197 380 -885
434 435 -880
470 471 -875
139 157 -874
33 147 -865
54 367 -863
262 388 -855
354 386 -846
78 79 -841
223 305 -826
146 337 -825
155 156 -823
485 486 -813
325 326 -810
256 438 -794
122 132 -788
259 330 -782
193 443 -772
170 245 -769
38 126 -761
428 429 -760
92 292 -745
353 419 -735
291 292 -730
133 327 -729
185 186 -719
174 492 -694
12 20 -686
82 364 -675
334 335 -675
401 412 -662
135 136 -657
176 242 -649
199 258 -621
177 178 -620
349 352 -613
377 378 -592
19 474 -590
410 411 -579
227 473 -573
145 370 -572
197 412 -564
37 303 -562
26 322 -560
343 452 -536
216 393 -534
22 237 -508
8 194 -507
53 414 -507
214 497 -505
3 231 -494
161 162 -487
235 298 -449
434 488 -447
126 249 -441
175 256 -438
299 300 -424
493 494 -421
165 198 -414
92 332 -403
215 470 -401
476 477 -399
252 287 -397
322 377 -382
132 397 -349
254 490 -340
368 470 -334
313 487 -320
98 323 -295
280 409 -292
15 211 -290
126 127 -244
188 420 -243
195 350 -212
270 271 -202
371 448 -200
330 463 -195
215 493 -191
55 138 -184
265 424 -165
80 151 -162
300 301 -157
1 132 -151
200 407 -146
52 53 -140
220 250 -135
57 176 -130
185 428 -114
163 169 -105
295 426 -105
74 75 -102
425 498 -57
371 372 -43
475 476 -37
82 382 -25
270 311 -14
190 191 -9
99 157 -9
150 331 -3
256 257 -1
100 244 13
113 157 16
148 149 27
408 409 39
24 348 48
84 443 55
132 153 59
154 448 61
28 29 68
27 372 69
156 370 76
116 469 76
333 450 77
118 373 91
276 277 101
480 481 129
178 468 134
393 394 145
6 343 154
129 289 165
95 247 166
372 373 170
11 69 171
200 349 171
39 40 173
59 326 185
237 341 190
16 110 221
10 114 223
127 425 224
249 459 238
38 376 247
149 150 265
17 18 267
100 405 281
103 162 291
60 337 302
323 476 327
495 496 327
44 297 339
20 129 356
282 312 375
24 89 401
351 471 409
167 168 428
451 452 452
79 418 484
130 270 487
121 122 491
76 226 504
3 110 504
349 350 510
347 348 536
295 498 537
280 378 544
4 43 566
1 316 569
231 276 582
194 274 583
319 376 585
61 62 591
290 322 593
41 376 608
170 193 617
114 332 618
139 140 626
60 454 632
169 170 636
107 172 644
178 179 653
152 393 663
166 282 702
42 268 712
162 298 718
244 448 718
5 122 722
257 274 730
206 207 752
259 443 755
392 493 759
149 255 763
111 205 781
15 496 783
73 121 784
220 353 789
246 247 792
104 229 809
48 372 823
204 283 832
137 248 835
148 160 835
67 122 842
28 496 843
71 266 845
428 487 896
18 19 903
20 385 904
2 39 907
14 396 909
49 50 914
95 327 914
294 428 924
76 216 929
424 425 941
155 209 944
169 425 951
97 195 975
328 464 977
82 322 981
49 125 993
307 308 997
120 358 1023
29 83 1029
2 157 1036
20 307 1045
197 208 1046
473 500 1052
87 88 1058
167 445 1085
145 274 1112
252 314 1118
196 340 1123
146 413 1128
133 191 1140
171 172 1141
102 455 1154
127 315 1159
242 368 1164
53 54 1179
227 477 1183
368 421 1195
463 477 1205
251 257 1209
403 498 1210
175 185 1216
34 357 1218
119 120 1231
268 277 1239
121 194 1265
41 286 1270
193 194 1272
183 431 1276
81 373 1288
334 480 1301
289 439 1304
236 469 1319
152 427 1339
40 143 1350
357 450 1350
182 480 1362
127 406 1382
154 303 1382
423 493 1392
43 431 1393
132 193 1400
73 165 1423
100 241 1434
104 140 1441
243 470 1449
21 352 1462
228 472 1465
173 174 1467
363 364 1476
120 240 1483
71 429 1518
93 399 1519
464 465 1534
359 495 1554
209 210 1564
244 265 1566
140 235 1573
486 487 1576
249 438 1582
129 130 1584
75 159 1589
161 218 1596
397 398 1603
45 219 1607
56 239 1609
146 330 1615
56 214 1623
388 389 1623
65 200 1627
92 437 1630
51 177 1630
136 183 1647
192 435 1662
61 338 1664
119 150 1666
395 479 1669
129 426 1670
354 410 1672
237 459 1672
78 328 1681
4 266 1686
456 474 1691
97 339 1693
5 6 1728
197 435 1743
134 187 1752
222 338 1753
245 246 1757
94 95 1773
314 496 1787
90 165 1787
411 445 1797
31 272 1807
83 285 1818
412 413 1827
223 407 1829
118 204 1840
60 98 1851
200 272 1856
263 264 1858
467 468 1867
65 66 1867
72 399 1870
313 374 1879
28 93 1885
181 488 1886
63 364 1907
59 60 1910
222 407 1917
137 471 1919
479 480 1924
257 258 1925
134 472 1927
342 489 1939
21 175 1947
25 315 1949
174 495 1955
152 363 1994
317 318 1999
242 339 2001
326 327 2013
226 459 2031
137 138 2039
92 143 2041
88 158 2060
184 465 2062
31 232 2075
36 301 2079
34 439 2083
32 462 2102
251 453 2129
401 402 2130
194 195 2135
89 90 2141
325 471 2162
115 480 2162
259 420 2164
313 495 2173
167 440 2182
136 137 2192
136 331 2192
292 412 2192
165 166 2192
197 250 2194
8 432 2206
491 492 2219
455 456 2231
286 426 2255
356 357 2271
26 436 2275
33 392 2279
368 493 2282
166 167 2283
173 203 2295
105 324 2296
385 422 2303
38 179 2305
177 445 2306
80 166 2315
104 375 2320
255 272 2320
111 385 2328
330 331 2329
304 305 2356
255 495 2356
84 246 2363
459 478 2393
340 407 2399
67 68 2402
82 442 2404
16 49 2410
49 459 2431
355 356 2435
137 163 2456
67 317 2463
88 100 2465
97 98 2472
293 294 2480
180 298 2504
104 278 2508
223 358 2512
88 89 2518
50 177 2525
178 232 2530
130 436 2551
4 247 2557
188 479 2577
84 85 2583
477 478 2587
17 317 2595
168 169 2596
78 466 2597
145 169 2619
79 164 2631
86 250 2638
40 161 2640
411 412 2647
131 157 2660
136 210 2663
79 368 2668
60 427 2681
370 371 2687
51 52 2704
457 500 2717
339 369 2718
173 213 2724
303 304 2745
287 459 2745
212 423 2755
220 269 2763
224 482 2769
8 359 2771
49 196 2779
109 140 2797
331 332 2798
18 279 2815
290 465 2827
203 204 2830
343 424 2842
61 429 2849
253 402 2856
92 493 2864
127 213 2868
268 487 2888
95 487 2890
91 451 2897
152 153 2907
238 377 2927
494 495 2927
62 286 2939
27 30 2964
150 251 3004
42 63 3020
103 104 3034
259 285 3037
189 498 3052
328 329 3052
37 38 3054
195 355 3065
419 420 3067
248 478 3078
176 289 3109
23 198 3114
63 64 3116
264 451 3117
392 465 3120
156 248 3123
131 163 3125
59 257 3130
316 462 3135
105 486 3139
104 370 3153
115 129 3161
159 378 3173
75 227 3195
26 80 3206
438 479 3219
214 376 3221
153 281 3249
186 199 3250
86 244 3250
79 278 3258
327 328 3270
388 481 3277
240 339 3282
65 474 3282
205 252 3285
108 177 3287
59 267 3293
85 86 3295
27 189 3311
349 398 3335
296 454 3345
211 230 3348
341 342 3352
275 349 3353
137 146 3355
40 387 3360
18 241 3362
168 421 3367
216 217 3374
407 408 3378
15 287 3395
357 358 3410
120 296 3413
222 292 3415
250 446 3422
102 402 3423
196 219 3442
314 315 3445
296 459 3449
191 355 3463
127 402 3465
103 229 3466
91 373 3480
46 382 3499
46 452 3501
125 126 3510
249 313 3515
111 142 3534
449 450 3537
367 412 3542
278 279 3542
236 237 3563
35 493 3571
274 299 3577
153 200 3578
89 451 3579
164 448 3596
358 386 3609
351 426 3612
56 57 3613
65 128 3617
193 360 3623
234 400 3627
1 414 3655
56 141 3669
139 152 3671
203 412 3675
33 102 3685
296 297 3695
369 376 3704
38 246 3710
21 167 3714
190 256 3716
125 248 3739
247 343 3748
93 477 3753
219 290 3758
160 247 3760
24 297 3760
189 190 3768
347 466 3771
133 490 3785
192 339 3794
101 102 3812
312 363 3816
66 67 3816
153 404 3817
38 471 3819
74 433 3831
154 155 3872
378 465 3894
390 417 3903
196 197 3904
265 496 3908
358 382 3911
83 84 3926
34 375 3935
219 396 3953
186 298 3968
156 172 3969
59 445 3970
228 234 4008
260 415 4024
117 217 4024
208 232 4028
245 436 4045
415 416 4052
183 408 4053
127 434 4078
273 314 4107
26 432 4115
166 495 4133
16 93 4136
207 385 4137
257 339 4157
32 213 4162
362 427 4182
304 384 4189
60 456 4219
157 345 4230
161 439 4256
166 285 4258
194 331 4260
50 65 4266
65 86 4268
10 168 4271
13 152 4272
226 263 4293
11 43 4323
118 359 4336
315 411 4342
230 311 4350
221 304 4355
26 27 4358
106 286 4375
44 317 4376
236 477 4382
255 256 4382
89 320 4386
60 61 4401
123 167 4408
361 377 4408
4 5 4414
222 473 4443
77 143 4466
23 24 4472
259 260 4493
25 328 4495
381 382 4514
78 188 4530
17 92 4535
101 408 4550
429 453 4573
119 434 4597
466 467 4613
94 405 4629
78 206 4630
105 106 4633
43 168 4635
102 103 4658
90 216 4668
70 480 4684
473 474 4696
201 304 4721
382 499 4725
44 231 4764
386 387 4775
343 344 4775
176 422 4779
37 476 4790
267 317 4793
201 324 4802
291 343 4818
307 314 4842
289 290 4849
65 340 4849
280 281 4856
487 488 4881
99 362 4890
314 500 4895
70 398 4925
210 211 4944
164 165 4948
42 131 4949
496 497 4963
343 378 4970
427 451 4970
291 420 4993
79 258 5017
143 144 5026
112 265 5067
14 492 5070
152 391 5083
309 456 5089
179 425 5093
298 367 5118
332 333 5123
105 391 5124
273 291 5124
342 343 5124
253 263 5128
28 260 5134
68 131 5136
24 42 5136
64 68 5150
31 70 5151
65 496 5155
4 388 5176
46 372 5199
90 484 5215
339 340 5217
103 109 5221
99 119 5223
81 82 5234
429 430 5251
387 388 5259
9 495 5260
89 247 5263
31 475 5263
341 420 5265
13 14 5273
221 246 5281
207 208 5289
234 266 5292
76 102 5298
339 395 5299
301 302 5299
62 318 5306
3 303 5310
62 270 5311
294 327 5312
39 170 5316
41 281 5319
297 498 5345
98 382 5352
132 133 5355
235 336 5364
17 185 5372
286 414 5381
24 268 5400
426 427 5422
122 247 5422
20 21 5436
384 480 5442
403 404 5488
79 99 5505
184 185 5507
285 473 5517
45 46 5533
223 243 5533
330 344 5534
82 158 5544
249 250 5555
336 339 5558
347 392 5563
153 154 5564
359 360 5567
60 151 5579
207 348 5600
200 201 5606
124 235 5613
174 291 5666
142 319 5686
95 259 5691
60 158 5691
43 258 5745
319 320 5770
224 225 5777
45 436 5789
272 273 5789
73 448 5790
277 279 5868
61 372 5879
57 58 5888
116 117 5890
17 248 5899
146 147 5902
231 232 5904
54 208 5922
17 272 5930
239 452 5937
185 320 5947
322 323 5951
305 315 5953
229 449 5955
13 61 5960
481 482 5965
276 450 5965
17 376 5972
168 197 5974
338 360 6010
129 157 6011
243 487 6043
115 124 6054
217 292 6055
170 172 6055
308 309 6059
180 181 6062
103 314 6070
274 468 6070
334 484 6071
27 99 6073
157 354 6083
313 314 6085
21 185 6092
228 229 6101
117 459 6122
250 251 6155
209 305 6161
317 427 6162
340 386 6167
122 370 6170
176 207 6188
95 174 6189
11 469 6195
298 361 6214
306 307 6215
368 465 6223
183 193 6227
274 344 6229
171 449 6235
242 243 6243
25 278 6246
2 25 6267
276 431 6269
12 277 6273
252 414 6273
182 340 6280
80 440 6285
205 206 6293
239 240 6294
96 390 6294
204 243 6298
285 286 6301
34 417 6302
399 445 6302
36 178 6305
135 436 6307
344 345 6317
161 484 6320
217 475 6329
215 216 6331
354 355 6334
396 459 6338
62 83 6359
4 423 6365
288 372 6372
389 390 6391
26 94 6394
120 121 6409
187 486 6414
431 432 6416
372 387 6424
117 451 6425
48 396 6428
212 213 6432
268 450 6463
38 365 6473
170 171 6480
144 256 6490
348 397 6497
172 314 6500
81 143 6518
424 472 6518
43 123 6522
136 142 6535
350 378 6543
333 482 6547
18 451 6558
169 461 6563
394 398 6573
320 375 6582
301 384 6586
65 444 6600
44 456 6604
263 447 6606
404 405 6613
368 380 6629
35 315 6631
75 424 6637
256 375 6639
21 285 6656
167 379 6664
41 336 6677
266 441 6677
333 334 6680
226 446 6681
104 105 6682
264 493 6685
223 473 6710
1 244 6723
297 493 6739
234 369 6746
364 415 6754
386 438 6767
266 372 6772
114 415 6795
183 237 6799
83 183 6801
148 185 6802
1 2 6807
141 484 6820
16 248 6820
283 468 6833
183 415 6853
51 223 6854
130 131 6869
383 384 6887
203 331 6905
44 66 6927
52 455 6943
145 437 6956
111 202 6971
382 405 6975
203 253 6998
407 488 7000
102 191 7036
98 143 7044
295 437 7082
55 56 7095
126 191 7096
185 213 7099
33 413 7099
118 457 7143
91 92 7151
144 145 7151
222 488 7164
286 428 7164
298 299 7174
188 351 7176
8 162 7179
83 325 7198
154 337 7203
297 298 7216
91 149 7220
289 383 7223
284 285 7229
432 433 7244
474 491 7245
24 25 7258
438 439 7262
31 221 7268
208 448 7275
95 309 7280
490 491 7282
379 380 7291
413 414 7295
188 189 7296
284 318 7298
188 398 7300
14 276 7321
146 461 7323
171 421 7323
245 484 7330
10 11 7353
249 411 7358
315 365 7391
182 320 7394
47 48 7411
227 229 7428
275 418 7429
13 486 7432
257 353 7433
250 489 7450
63 477 7451
338 377 7453
17 212 7481
38 395 7492
7 451 7495
308 409 7497
488 489 7498
226 390 7503
218 219 7518
164 214 7529
23 117 7541
191 192 7546
43 415 7553
118 119 7557
478 479 7567
278 321 7572
56 244 7576
163 400 7596
364 365 7608
290 412 7623
192 193 7645
57 365 7655
156 157 7660
79 80 7663
29 66 7663
68 69 7667
20 278 7668
19 20 7674
394 494 7679
105 441 7684
6 73 7693
390 463 7696
350 434 7699
305 312 7707
89 195 7734
72 73 7737
55 211 7740
70 76 7741
241 409 7745
44 249 7757
132 372 7758
253 254 7775
251 252 7781
315 316 7783
298 405 7802
383 466 7807
113 474 7808
216 460 7812
10 330 7863
294 295 7872
146 222 7873
201 454 7876
330 473 7879
230 231 7884
182 377 7890
248 292 7907
433 499 7927
237 385 7935
38 39 7935
17 427 7949
283 284 7959
244 398 7976
276 347 7978
127 348 7978
106 107 7981
119 412 7986
364 375 7988
8 9 7990
394 395 7996
323 332 7997
452 462 8016
77 111 8021
226 302 8024
77 78 8032
278 344 8058
85 212 8077
123 304 8091
126 344 8100
140 155 8115
483 484 8124
41 186 8129
81 407 8131
54 298 8138
222 446 8140
111 265 8151
454 455 8161
395 396 8163
227 228 8187
465 466 8194
361 499 8199
67 105 8218
30 288 8221
238 409 8221
177 486 8223
420 421 8234
268 338 8235
79 85 8242
232 313 8251
212 311 8251
7 103 8257
43 247 8258
119 351 8260
93 154 8264
192 350 8272
4 284 8282
43 482 8283
499 500 8293
126 241 8324
197 242 8330
67 478 8343
162 163 8353
270 483 8353
1 171 8358
145 236 8364
34 211 8366
353 500 8370
22 46 8371
409 410 8375
127 128 8413
358 436 8427
159 406 8444
44 45 8450
45 385 8454
175 200 8457
297 382 8458
189 488 8460
391 392 8465
52 322 8467
259 385 8469
138 407 8474
28 284 8488
106 205 8503
314 373 8505
189 420 8513
144 187 8538
156 322 8538
450 451 8574
220 221 8576
182 425 8577
275 394 8581
87 157 8589
122 252 8593
173 372 8600
246 486 8603
38 267 8612
423 424 8612
340 350 8615
165 292 8625
85 124 8625
222 346 8628
463 464 8650
223 236 8651
182 183 8655
198 459 8674
128 292 8681
157 158 8685
170 357 8702
25 26 8709
71 337 8723
268 298 8735
127 446 8737
173 456 8760
128 129 8772
130 184 8772
145 310 8778
5 153 8816
133 325 8827
342 346 8831
108 109 8849
245 260 8850
162 173 8856
202 286 8869
125 311 8870
379 398 8878
147 293 8878
46 351 8878
119 495 8884
73 74 8886
90 91 8894
204 389 8924
84 499 8931
52 443 8943
35 362 8945
238 263 8954
128 403 8960
62 365 8961
80 81 8974
448 449 8981
151 201 9017
45 495 9024
170 267 9033
111 112 9034
151 171 9050
121 183 9056
401 464 9064
436 437 9097
48 49 9102
375 393 9105
352 353 9106
204 459 9117
112 432 9119
367 368 9122
229 230 9131
275 425 9139
350 465 9140
332 486 9142
353 395 9151
217 275 9153
50 194 9155
226 492 9193
227 357 9224
196 416 9233
3 353 9242
390 479 9257
186 187 9275
271 290 9280
353 412 9296
283 318 9299
284 385 9302
317 479 9303
261 262 9304
123 215 9313
460 499 9321
14 15 9331
305 306 9341
41 100 9346
236 274 9390
263 484 9396
59 424 9400
47 88 9400
400 401 9402
149 197 9403
247 248 9403
150 213 9424
22 23 9432
14 359 9452
98 366 9471
21 22 9479
196 334 9480
47 71 9490
94 338 9500
286 379 9500
50 51 9501
81 409 9533
72 468 9545
62 480 9555
336 337 9560
456 457 9580
71 402 9580
377 434 9582
326 404 9588
381 407 9593
40 41 9596
362 422 9597
433 494 9608
234 296 9612
208 246 9627
106 233 9630
417 418 9647
34 268 9651
96 499 9686
88 326 9694
120 498 9699
345 346 9720
194 308 9724
56 65 9727
158 386 9730
462 463 9734
14 209 9744
339 404 9746
98 139 9746
95 429 9747
155 379 9750
379 491 9760
273 278 9765
1 310 9791
171 177 9792
346 347 9802
69 156 9814
87 250 9825
88 353 9832
467 473 9837
115 245 9838
320 464 9850
222 370 9853
93 312 9854
181 182 9858
155 272 9893
160 161 9902
63 108 9903
69 117 9912
43 428 9924
45 403 9929
76 77 9948
15 302 9956
249 480 9963
98 99 9986
399 400 9988
269 477 9993
109 130 9999
Result = 488117
