Rendering to 768x768 image
Loaded scene with 3 circles
Loaded scene with 3 circles
---------------------------------------------------------
Initializing CUDA for CudaRenderer
Found 1 CUDA devices
Device 0: Tesla M2070
   SMs:        14
   Global mem: 5375 MB
   CUDA Cap:   2.0
---------------------------------------------------------
WARNING: You're not running on a fast GPU, please consider using NVIDIA GTX 480, 670 or 780.
---------------------------------------------------------

Running benchmark, 1 frames, beginning at frame 0 ...
Time to generate Tree:    0.02500000 ms 
Time to generate Tree:    0.66700000 ms 
Copying image data from device
***************** Correctness check passed **************************
Clear:    0.1501 ms
Advance:  0.0016 ms
Render:   0.7051 ms
Total:    0.8568 ms

Overall:  0.0216 sec (note units are seconds)
