Rendering to 768x768 image
Loaded scene with 10000 circles
Loaded scene with 10000 circles
---------------------------------------------------------
Initializing CUDA for CudaRenderer
Found 1 CUDA devices
Device 0: Tesla M2070
   SMs:        14
   Global mem: 5375 MB
   CUDA Cap:   2.0
---------------------------------------------------------
WARNING: You're not running on a fast GPU, please consider using NVIDIA GTX 480, 670 or 780.
---------------------------------------------------------

Running benchmark, 1 frames, beginning at frame 0 ...
Time to generate Tree:    5.91200000 ms 
Time to generate Tree:  141.30600000 ms 
Copying image data from device
Mismatch detected at pixel [617][136], value = 0.460812, expected 0.701270 for color Red
***************** Correctness check passed **************************
Clear:    0.1535 ms
Advance:  0.0017 ms
Render:   147.0542 ms
Total:    147.2094 ms

Overall:  7.9968 sec (note units are seconds)
