Rendering to 768x768 image
Loaded scene with 100000 circles
Loaded scene with 100000 circles
---------------------------------------------------------
Initializing CUDA for CudaRenderer
Found 1 CUDA devices
Device 0: Tesla M2070
   SMs:        14
   Global mem: 5375 MB
   CUDA Cap:   2.0
---------------------------------------------------------
WARNING: You're not running on a fast GPU, please consider using NVIDIA GTX 480, 670 or 780.
---------------------------------------------------------

Running benchmark, 1 frames, beginning at frame 0 ...
Time to generate Tree:   42.78300000 ms 
Time to generate Tree:    0.68900000 ms 
Copying image data from device
***************** Correctness check passed **************************
Clear:    0.1458 ms
Advance:  0.1338 ms
Render:   43.4348 ms
Total:    43.7144 ms

Overall:  0.0646 sec (note units are seconds)
