Rendering to 768x768 image
Loaded data for 100000 circles from snow.par
Loaded scene with 100000 circles
Loaded data for 100000 circles from snow.par
Loaded scene with 100000 circles
---------------------------------------------------------
Initializing CUDA for CudaRenderer
Found 1 CUDA devices
Device 0: Tesla M2070
   SMs:        14
   Global mem: 5375 MB
   CUDA Cap:   2.0
---------------------------------------------------------
WARNING: You're not running on a fast GPU, please consider using NVIDIA GTX 480, 670 or 780.
---------------------------------------------------------

Running benchmark, 1 frames, beginning at frame 0 ...
Time to generate Tree:   42.74600000 ms 
Time to generate Tree:    7.52500000 ms 
Copying image data from device
***************** Correctness check passed **************************
Clear:    0.1424 ms
Advance:  0.0015 ms
Render:   50.2242 ms
Total:    50.3681 ms

Overall:  0.7060 sec (note units are seconds)
