Rendering to 768x768 image
Loaded scene with 100000 circles
Loaded scene with 100000 circles
---------------------------------------------------------
Initializing CUDA for CudaRenderer
Found 1 CUDA devices
Device 0: Tesla M2070
   SMs:        14
   Global mem: 5375 MB
   CUDA Cap:   2.0
---------------------------------------------------------
WARNING: You're not running on a fast GPU, please consider using NVIDIA GTX 480, 670 or 780.
---------------------------------------------------------

Running benchmark, 1 frames, beginning at frame 0 ...
Time to generate Tree:   42.91100000 ms 
Time to generate Tree:  152.57800000 ms 
Copying image data from device
***************** Correctness check passed **************************
Clear:    0.1598 ms
Advance:  0.0014 ms
Render:   195.2694 ms
Total:    195.4307 ms

Overall:  5.2622 sec (note units are seconds)
